{"level":"info","message":"Redis disabled. Using In-Memory LRU cache.","service":"kill-metraj-backend","timestamp":"2026-06-01 19:18:28"}
{"level":"info","message":"CDC-консьюмер отключен. Установите CDC_ENABLED=true для включения.","service":"kill-metraj-backend","timestamp":"2026-06-01 19:18:28"}
{"batchSize":50,"interval":30000,"level":"info","message":"Order calculator worker started","service":"kill-metraj-backend","timestamp":"2026-06-01 19:18:28","valhalla":true,"yapikoOsrm":false}
{"level":"info","message":"[Worker] Order Calculator started in background","service":"kill-metraj-backend","timestamp":"2026-06-01 19:18:28"}
{"level":"info","message":" [SERVER] Listening on 0.0.0.0:5001 (READY for health checks)","service":"kill-metraj-backend","timestamp":"2026-06-01 19:18:28"}
{"level":"info","message":" [INIT] Starting background initialization...","service":"kill-metraj-backend","timestamp":"2026-06-01 19:18:28"}
{"0":"r","1":"o","10":"g","11":"r","12":"e","13":"s","14":"\"","15":" ","16":"d","17":"o","18":"e","19":"s","2":"l","20":" ","21":"n","22":"o","23":"t","24":" ","25":"e","26":"x","27":"i","28":"s","29":"t","3":"e","4":" ","5":"\"","6":"p","7":"o","8":"s","9":"t","level":"error","message":"PostgreSQL connection failed:","service":"kill-metraj-backend","timestamp":"2026-06-01 19:18:28"}
{"error":"role \"postgres\" does not exist","level":"error","message":"КРИТИЧЕСКАЯ ОШИБКА: Ошибка инициализации базы данных, сервер продолжает работу для отображения логов","service":"kill-metraj-backend","timestamp":"2026-06-01 19:18:28"}
{"level":"info","message":"gRPC сервер запущен на порту 50051","service":"kill-metraj-backend","timestamp":"2026-06-01 19:18:28"}
{"level":"info","message":"[SelfHostHealth]  Status: osrm=false, valhalla=false, nominatim=false","service":"kill-metraj-backend","timestamp":"2026-06-01 19:18:28"}
{"level":"info","message":"[SelfHostHealth]  Status: osrm=false, valhalla=false, nominatim=false","service":"kill-metraj-backend","timestamp":"2026-06-01 19:18:28"}
{"level":"info","message":"[SelfHostHealth]  Status: osrm=false, valhalla=false, nominatim=false","service":"kill-metraj-backend","timestamp":"2026-06-01 19:20:28"}
{"level":"info","message":"[SelfHostHealth]  Status: osrm=false, valhalla=false, nominatim=false","service":"kill-metraj-backend","timestamp":"2026-06-01 19:22:28"}
{"level":"info","message":"[SelfHostHealth]  Status: osrm=false, valhalla=false, nominatim=false","service":"kill-metraj-backend","timestamp":"2026-06-01 19:24:28"}
{"level":"info","message":"[SelfHostHealth]  Status: osrm=false, valhalla=false, nominatim=false","service":"kill-metraj-backend","timestamp":"2026-06-01 19:26:28"}
{"level":"info","message":"[SelfHostHealth]  Status: osrm=false, valhalla=false, nominatim=false","service":"kill-metraj-backend","timestamp":"2026-06-01 19:28:28"}
{"level":"info","message":"[SelfHostHealth]  Status: osrm=false, valhalla=false, nominatim=false","service":"kill-metraj-backend","timestamp":"2026-06-01 19:30:28"}
{"level":"info","message":"[SelfHostHealth]  Status: osrm=false, valhalla=false, nominatim=false","service":"kill-metraj-backend","timestamp":"2026-06-01 19:32:28"}
{"level":"info","message":"[SelfHostHealth]  Status: osrm=false, valhalla=false, nominatim=false","service":"kill-metraj-backend","timestamp":"2026-06-01 19:34:28"}
{"level":"info","message":"[SelfHostHealth]  Status: osrm=false, valhalla=false, nominatim=false","service":"kill-metraj-backend","timestamp":"2026-06-01 19:36:28"}
{"level":"info","message":"[SelfHostHealth]  Status: osrm=false, valhalla=false, nominatim=false","service":"kill-metraj-backend","timestamp":"2026-06-01 19:38:28"}
{"level":"info","message":"[SelfHostHealth]  Status: osrm=false, valhalla=false, nominatim=false","service":"kill-metraj-backend","timestamp":"2026-06-01 19:40:28"}
{"level":"info","message":"[SelfHostHealth]  Status: osrm=false, valhalla=false, nominatim=false","service":"kill-metraj-backend","timestamp":"2026-06-01 19:42:28"}
